No queue of ships detected.
-------------------------------
Pier statuses: 
   Pier 1:  masha 
   Pier 2:  This pier is empty
   Pier 3:  This pier is empty
-------------------------------
No queue of ships detected.
-------------------------------
Pier statuses: 
   Pier 1:  masha 
   Pier 2:  pasha 
   Pier 3:  sasha 
-------------------------------
No queue of ships detected.
-------------------------------
Pier statuses: 
   Pier 1:  This pier is empty
   Pier 2:  pasha 
   Pier 3:  sasha 
-------------------------------
Queue is: 
   1.  visa 
   2.  core 

-------------------------------
Pier statuses: 
   Pier 1:  geka 
   Pier 2:  pasha 
   Pier 3:  sasha 
-------------------------------
Queue is: 
   1.  core 

-------------------------------
Pier statuses: 
   Pier 1:  geka 
   Pier 2:  visa 
   Pier 3:  sasha 
-------------------------------
